Detecting C compiler ABI info failed to compile with the following output:
Change Dir: /Users/bytedance/Documents/os/30dayos/raw/build/CMakeFiles/CMakeTmp

Run Build Command(s):/usr/bin/make -f Makefile cmTC_6d296/fast && /Library/Developer/CommandLineTools/usr/bin/make  -f CMakeFiles/cmTC_6d296.dir/build.make CMakeFiles/cmTC_6d296.dir/build
Building C object CMakeFiles/cmTC_6d296.dir/CMakeCCompilerABI.c.o
/usr/local/bin/x86_64-elf-gcc   -g -c -O0 -m32 -fno-pie -fno-stack-protector -fno-asynchronous-unwind-tables  -isysroot /Library/Developer/CommandLineTools/SDKs/MacOSX13.1.sdk   -v -Wl,-v -o CMakeFiles/cmTC_6d296.dir/CMakeCCompilerABI.c.o -c /usr/local/Cellar/cmake/3.24.1/share/cmake/Modules/CMakeCCompilerABI.c
Using built-in specs.
COLLECT_GCC=/usr/local/bin/x86_64-elf-gcc
Target: x86_64-elf
Configured with: ../configure --target=x86_64-elf --prefix=/usr/local/Cellar/x86_64-elf-gcc/12.2.0 --infodir=/usr/local/Cellar/x86_64-elf-gcc/12.2.0/share/info/x86_64-elf --disable-nls --without-isl --without-headers --with-as=/usr/local/opt/x86_64-elf-binutils/bin/x86_64-elf-as --with-ld=/usr/local/opt/x86_64-elf-binutils/bin/x86_64-elf-ld --enable-languages=c,c++
Thread model: single
Supported LTO compression algorithms: zlib
gcc version 12.2.0 (GCC) 
COLLECT_GCC_OPTIONS='-g' '-c' '-O0' '-m32' '-fno-pie' '-fno-stack-protector' '-fno-asynchronous-unwind-tables' '-isysroot' '/Library/Developer/CommandLineTools/SDKs/MacOSX13.1.sdk' '-v' '-o' 'CMakeFiles/cmTC_6d296.dir/CMakeCCompilerABI.c.o' '-c' '-mtune=generic' '-march=x86-64' '-dumpdir' 'CMakeFiles/cmTC_6d296.dir/'
 /usr/local/Cellar/x86_64-elf-gcc/12.2.0/libexec/gcc/x86_64-elf/12.2.0/cc1 -quiet -v -isysroot /Library/Developer/CommandLineTools/SDKs/MacOSX13.1.sdk /usr/local/Cellar/cmake/3.24.1/share/cmake/Modules/CMakeCCompilerABI.c -quiet -dumpdir CMakeFiles/cmTC_6d296.dir/ -dumpbase CMakeCCompilerABI.c.c -dumpbase-ext .c -m32 -mtune=generic -march=x86-64 -g -O0 -version -fno-pie -fno-stack-protector -fno-asynchronous-unwind-tables -o /var/folders/30/cmv9c_5j3mq_kthx63sb1t5c0000gn/T//cctKSDsY.s
GNU C17 (GCC) version 12.2.0 (x86_64-elf)
	compiled by GNU C version Apple LLVM 13.1.6 (clang-1316.0.21.2.5), GMP version 6.2.1, MPFR version 4.1.0, MPC version 1.2.1, isl version none
GGC heuristics: --param ggc-min-expand=100 --param ggc-min-heapsize=131072
ignoring nonexistent directory "/usr/local/Cellar/x86_64-elf-gcc/12.2.0/lib/gcc/x86_64-elf/12.2.0/../../../../x86_64-elf/sys-include"
ignoring nonexistent directory "/usr/local/Cellar/x86_64-elf-gcc/12.2.0/lib/gcc/x86_64-elf/12.2.0/../../../../x86_64-elf/include"
#include "..." search starts here:
#include <...> search starts here:
 /usr/local/Cellar/x86_64-elf-gcc/12.2.0/lib/gcc/x86_64-elf/12.2.0/include
 /usr/local/Cellar/x86_64-elf-gcc/12.2.0/lib/gcc/x86_64-elf/12.2.0/include-fixed
End of search list.
GNU C17 (GCC) version 12.2.0 (x86_64-elf)
	compiled by GNU C version Apple LLVM 13.1.6 (clang-1316.0.21.2.5), GMP version 6.2.1, MPFR version 4.1.0, MPC version 1.2.1, isl version none
GGC heuristics: --param ggc-min-expand=100 --param ggc-min-heapsize=131072
Compiler executable checksum: 08fbc53bda09edf0e38c54289ad252c4
COLLECT_GCC_OPTIONS='-g' '-c' '-O0' '-m32' '-fno-pie' '-fno-stack-protector' '-fno-asynchronous-unwind-tables' '-isysroot' '/Library/Developer/CommandLineTools/SDKs/MacOSX13.1.sdk' '-v' '-o' 'CMakeFiles/cmTC_6d296.dir/CMakeCCompilerABI.c.o' '-c' '-mtune=generic' '-march=x86-64' '-dumpdir' 'CMakeFiles/cmTC_6d296.dir/'
 /usr/local/opt/x86_64-elf-binutils/bin/x86_64-elf-as -v --gdwarf-5 --32 -o CMakeFiles/cmTC_6d296.dir/CMakeCCompilerABI.c.o /var/folders/30/cmv9c_5j3mq_kthx63sb1t5c0000gn/T//cctKSDsY.s
GNU assembler version 2.39 (x86_64-elf) using BFD version (GNU Binutils) 2.39
COMPILER_PATH=/usr/local/Cellar/x86_64-elf-gcc/12.2.0/libexec/gcc/x86_64-elf/12.2.0/:/usr/local/Cellar/x86_64-elf-gcc/12.2.0/libexec/gcc/x86_64-elf/12.2.0/:/usr/local/Cellar/x86_64-elf-gcc/12.2.0/libexec/gcc/x86_64-elf/:/usr/local/Cellar/x86_64-elf-gcc/12.2.0/lib/gcc/x86_64-elf/12.2.0/:/usr/local/Cellar/x86_64-elf-gcc/12.2.0/lib/gcc/x86_64-elf/
LIBRARY_PATH=/usr/local/Cellar/x86_64-elf-gcc/12.2.0/lib/gcc/x86_64-elf/12.2.0/
COLLECT_GCC_OPTIONS='-g' '-c' '-O0' '-m32' '-fno-pie' '-fno-stack-protector' '-fno-asynchronous-unwind-tables' '-isysroot' '/Library/Developer/CommandLineTools/SDKs/MacOSX13.1.sdk' '-v' '-o' 'CMakeFiles/cmTC_6d296.dir/CMakeCCompilerABI.c.o' '-c' '-mtune=generic' '-march=x86-64' '-dumpdir' 'CMakeFiles/cmTC_6d296.dir/CMakeCCompilerABI.c.'
Linking C executable cmTC_6d296
/usr/local/Cellar/cmake/3.24.1/bin/cmake -E cmake_link_script CMakeFiles/cmTC_6d296.dir/link.txt --verbose=1
/usr/local/bin/x86_64-elf-gcc -g -c -O0 -m32 -fno-pie -fno-stack-protector -fno-asynchronous-unwind-tables  -isysroot /Library/Developer/CommandLineTools/SDKs/MacOSX13.1.sdk -Wl,-search_paths_first -Wl,-headerpad_max_install_names  -v -Wl,-v CMakeFiles/cmTC_6d296.dir/CMakeCCompilerABI.c.o -o cmTC_6d296 
Using built-in specs.
COLLECT_GCC=/usr/local/bin/x86_64-elf-gcc
Target: x86_64-elf
Configured with: ../configure --target=x86_64-elf --prefix=/usr/local/Cellar/x86_64-elf-gcc/12.2.0 --infodir=/usr/local/Cellar/x86_64-elf-gcc/12.2.0/share/info/x86_64-elf --disable-nls --without-isl --without-headers --with-as=/usr/local/opt/x86_64-elf-binutils/bin/x86_64-elf-as --with-ld=/usr/local/opt/x86_64-elf-binutils/bin/x86_64-elf-ld --enable-languages=c,c++
Thread model: single
Supported LTO compression algorithms: zlib
gcc version 12.2.0 (GCC) 
COMPILER_PATH=/usr/local/Cellar/x86_64-elf-gcc/12.2.0/libexec/gcc/x86_64-elf/12.2.0/:/usr/local/Cellar/x86_64-elf-gcc/12.2.0/libexec/gcc/x86_64-elf/12.2.0/:/usr/local/Cellar/x86_64-elf-gcc/12.2.0/libexec/gcc/x86_64-elf/:/usr/local/Cellar/x86_64-elf-gcc/12.2.0/lib/gcc/x86_64-elf/12.2.0/:/usr/local/Cellar/x86_64-elf-gcc/12.2.0/lib/gcc/x86_64-elf/
LIBRARY_PATH=/usr/local/Cellar/x86_64-elf-gcc/12.2.0/lib/gcc/x86_64-elf/12.2.0/
COLLECT_GCC_OPTIONS='-g' '-c' '-O0' '-m32' '-fno-pie' '-fno-stack-protector' '-fno-asynchronous-unwind-tables' '-isysroot' '/Library/Developer/CommandLineTools/SDKs/MacOSX13.1.sdk' '-v' '-o' 'cmTC_6d296' '-mtune=generic' '-march=x86-64' '-dumpdir' 'cmTC_6d296.'
x86_64-elf-gcc: warning: CMakeFiles/cmTC_6d296.dir/CMakeCCompilerABI.c.o: linker input file unused because linking not done


Cannot copy output executable
  ''
to destination specified by COPY_FILE:
  '/Users/bytedance/Documents/os/30dayos/raw/build/CMakeFiles/3.24.1/CMakeDetermineCompilerABI_C.bin'
Unable to find the executable at any of:
  /Users/bytedance/Documents/os/30dayos/raw/build/CMakeFiles/CMakeTmp/cmTC_6d296
  /Users/bytedance/Documents/os/30dayos/raw/build/CMakeFiles/CMakeTmp/Debug/cmTC_6d296
  /Users/bytedance/Documents/os/30dayos/raw/build/CMakeFiles/CMakeTmp/Debug/cmTC_6d296.app/cmTC_6d296
  /Users/bytedance/Documents/os/30dayos/raw/build/CMakeFiles/CMakeTmp/cmTC_6d296.app/cmTC_6d296
  /Users/bytedance/Documents/os/30dayos/raw/build/CMakeFiles/CMakeTmp/Development/cmTC_6d296


