The system is: Darwin - 22.3.0 - x86_64
Compiling the C compiler identification source file "CMakeCCompilerId.c" succeeded.
Compiler: /usr/local/bin/x86_64-elf-gcc 
Build flags: -g;-c;-O0;-m32;-fno-pie;-fno-stack-protector;-fno-asynchronous-unwind-tables
Id flags:  

The output was:
0


Compilation of the C compiler identification source "CMakeCCompilerId.c" produced "CMakeCCompilerId.o"

The C compiler identification is GNU, found in "/Users/bytedance/Documents/os/30dayos/code/build/CMakeFiles/3.24.1/CompilerIdC/CMakeCCompilerId.o"

Determining if the C compiler works passed with the following output:
Change Dir: /Users/bytedance/Documents/os/30dayos/code/build/CMakeFiles/CMakeTmp

Run Build Command(s):/usr/bin/make -f Makefile cmTC_13792/fast && /Library/Developer/CommandLineTools/usr/bin/make  -f CMakeFiles/cmTC_13792.dir/build.make CMakeFiles/cmTC_13792.dir/build
Building C object CMakeFiles/cmTC_13792.dir/testCCompiler.c.o
/usr/local/bin/x86_64-elf-gcc   -g -c -O0 -m32 -fno-pie -fno-stack-protector -fno-asynchronous-unwind-tables  -isysroot /Library/Developer/CommandLineTools/SDKs/MacOSX13.1.sdk -o CMakeFiles/cmTC_13792.dir/testCCompiler.c.o -c /Users/bytedance/Documents/os/30dayos/code/build/CMakeFiles/CMakeTmp/testCCompiler.c
Linking C executable cmTC_13792
/usr/local/Cellar/cmake/3.24.1/bin/cmake -E cmake_link_script CMakeFiles/cmTC_13792.dir/link.txt --verbose=1
/usr/local/bin/x86_64-elf-gcc -g -c -O0 -m32 -fno-pie -fno-stack-protector -fno-asynchronous-unwind-tables  -isysroot /Library/Developer/CommandLineTools/SDKs/MacOSX13.1.sdk -Wl,-search_paths_first -Wl,-headerpad_max_install_names CMakeFiles/cmTC_13792.dir/testCCompiler.c.o -o cmTC_13792 
x86_64-elf-gcc: warning: CMakeFiles/cmTC_13792.dir/testCCompiler.c.o: linker input file unused because linking not done



Checking whether the ASM compiler is GNU using "--version" matched "(GNU assembler)|(GCC)|(Free Software Foundation)":
x86_64-elf-gcc (GCC) 12.2.0
Copyright (C) 2022 Free Software Foundation, Inc.
This is free software; see the source for copying conditions.  There is NO
warranty; not even for MERCHANTABILITY or FITNESS FOR A PARTICULAR PURPOSE.

